<?xml version="1.0" encoding="UTF-8"?>
<testng-results skipped="0" failed="0" total="2" passed="2">
  <reporter-output>
  </reporter-output>
  <suite name="Command line suite" duration-ms="11" started-at="2015-06-09T22:32:59Z" finished-at="2015-06-09T22:32:59Z">
    <groups>
    </groups>
    <test name="Command line test" duration-ms="11" started-at="2015-06-09T22:32:59Z" finished-at="2015-06-09T22:32:59Z">
      <class name="com.learntestng.SampleTest">
        <test-method status="PASS" signature="sampletest()" name="sampletest" duration-ms="0" started-at="2015-06-09T22:32:59Z" finished-at="2015-06-09T22:32:59Z">
        </test-method>
      </class>
      <class name="com.learntestng.AppTest">
        <test-method status="PASS" signature="sendMail()" name="sendMail" duration-ms="5" started-at="2015-06-09T22:32:59Z" finished-at="2015-06-09T22:32:59Z">
        </test-method>
      </class>
    </test>
  </suite>
</testng-results>
